# JRE version: Java(TM) SE Runtime Environment (8.0_112-b15) (build 1.8.0_112-b15)
# Java VM: Java HotSpot(TM) 64-Bit Server VM (25.112-b15 mixed mode windows-amd64 compressed oops)
Heap:
 PSYoungGen      total 141824K, used 124080K [0x000000076b400000, 0x000000077c900000, 0x00000007c0000000)
  eden space 131072K, 94% used [0x000000076b400000,0x0000000772d2c0c0,0x0000000773400000)
  from space 10752K, 0% used [0x0000000773400000,0x0000000773400000,0x0000000773e80000)
  to   space 10752K, 0% used [0x000000077be80000,0x000000077be80000,0x000000077c900000)
 ParOldGen       total 108544K, used 7006K [0x00000006c1c00000, 0x00000006c8600000, 0x000000076b400000)
  object space 108544K, 6% used [0x00000006c1c00000,0x00000006c22d7ab0,0x00000006c8600000)
 Metaspace       used 29261K, capacity 29542K, committed 29952K, reserved 1075200K
  class space    used 4155K, capacity 4231K, committed 4352K, reserved 1048576K
GC Heap History (8 events):
Event: 0.714 GC heap before
{Heap before GC invocations=1 (full 0):
 PSYoungGen      total 76288K, used 65536K [0x000000076b400000, 0x0000000770900000, 0x00000007c0000000)
  eden space 65536K, 100% used [0x000000076b400000,0x000000076f400000,0x000000076f400000)
  from space 10752K, 0% used [0x000000076fe80000,0x000000076fe80000,0x0000000770900000)
  to   space 10752K, 0% used [0x000000076f400000,0x000000076f400000,0x000000076fe80000)
 ParOldGen       total 175104K, used 0K [0x00000006c1c00000, 0x00000006cc700000, 0x000000076b400000)
  object space 175104K, 0% used [0x00000006c1c00000,0x00000006c1c00000,0x00000006cc700000)
 Metaspace       used 7638K, capacity 8156K, committed 8448K, reserved 1056768K
  class space    used 1113K, capacity 1164K, committed 1280K, reserved 1048576K
Event: 0.723 GC heap after
Heap after GC invocations=1 (full 0):
 PSYoungGen      total 76288K, used 5625K [0x000000076b400000, 0x0000000774900000, 0x00000007c0000000)
  eden space 65536K, 0% used [0x000000076b400000,0x000000076b400000,0x000000076f400000)
  from space 10752K, 52% used [0x000000076f400000,0x000000076f97e418,0x000000076fe80000)
  to   space 10752K, 0% used [0x0000000773e80000,0x0000000773e80000,0x0000000774900000)
 ParOldGen       total 175104K, used 8K [0x00000006c1c00000, 0x00000006cc700000, 0x000000076b400000)
  object space 175104K, 0% used [0x00000006c1c00000,0x00000006c1c02000,0x00000006cc700000)
 Metaspace       used 7638K, capacity 8156K, committed 8448K, reserved 1056768K
  class space    used 1113K, capacity 1164K, committed 1280K, reserved 1048576K
}
Event: 1.527 GC heap before
{Heap before GC invocations=2 (full 0):
 PSYoungGen      total 76288K, used 71161K [0x000000076b400000, 0x0000000774900000, 0x00000007c0000000)
  eden space 65536K, 100% used [0x000000076b400000,0x000000076f400000,0x000000076f400000)
  from space 10752K, 52% used [0x000000076f400000,0x000000076f97e418,0x000000076fe80000)
  to   space 10752K, 0% used [0x0000000773e80000,0x0000000773e80000,0x0000000774900000)
 ParOldGen       total 175104K, used 8K [0x00000006c1c00000, 0x00000006cc700000, 0x000000076b400000)
  object space 175104K, 0% used [0x00000006c1c00000,0x00000006c1c02000,0x00000006cc700000)
 Metaspace       used 15850K, capacity 16056K, committed 16256K, reserved 1062912K
  class space    used 2264K, capacity 2320K, committed 2432K, reserved 1048576K
Event: 1.533 GC heap after
Heap after GC invocations=2 (full 0):
 PSYoungGen      total 141824K, used 7845K [0x000000076b400000, 0x0000000774900000, 0x00000007c0000000)
  eden space 131072K, 0% used [0x000000076b400000,0x000000076b400000,0x0000000773400000)
  from space 10752K, 72% used [0x0000000773e80000,0x0000000774629690,0x0000000774900000)
  to   space 10752K, 0% used [0x0000000773400000,0x0000000773400000,0x0000000773e80000)
 ParOldGen       total 175104K, used 80K [0x00000006c1c00000, 0x00000006cc700000, 0x000000076b400000)
  object space 175104K, 0% used [0x00000006c1c00000,0x00000006c1c14010,0x00000006cc700000)
 Metaspace       used 15850K, capacity 16056K, committed 16256K, reserved 1062912K
  class space    used 2264K, capacity 2320K, committed 2432K, reserved 1048576K
}
Event: 1.974 GC heap before
{Heap before GC invocations=3 (full 0):
 PSYoungGen      total 141824K, used 47484K [0x000000076b400000, 0x0000000774900000, 0x00000007c0000000)
  eden space 131072K, 30% used [0x000000076b400000,0x000000076dab5990,0x0000000773400000)
  from space 10752K, 72% used [0x0000000773e80000,0x0000000774629690,0x0000000774900000)
  to   space 10752K, 0% used [0x0000000773400000,0x0000000773400000,0x0000000773e80000)
 ParOldGen       total 175104K, used 80K [0x00000006c1c00000, 0x00000006cc700000, 0x000000076b400000)
  object space 175104K, 0% used [0x00000006c1c00000,0x00000006c1c14010,0x00000006cc700000)
 Metaspace       used 20855K, capacity 21014K, committed 21248K, reserved 1067008K
  class space    used 2919K, capacity 2971K, committed 3072K, reserved 1048576K
Event: 1.980 GC heap after
Heap after GC invocations=3 (full 0):
 PSYoungGen      total 141824K, used 7276K [0x000000076b400000, 0x000000077c900000, 0x00000007c0000000)
  eden space 131072K, 0% used [0x000000076b400000,0x000000076b400000,0x0000000773400000)
  from space 10752K, 67% used [0x0000000773400000,0x0000000773b1b338,0x0000000773e80000)
  to   space 10752K, 0% used [0x000000077be80000,0x000000077be80000,0x000000077c900000)
 ParOldGen       total 175104K, used 88K [0x00000006c1c00000, 0x00000006cc700000, 0x000000076b400000)
  object space 175104K, 0% used [0x00000006c1c00000,0x00000006c1c16010,0x00000006cc700000)
 Metaspace       used 20855K, capacity 21014K, committed 21248K, reserved 1067008K
  class space    used 2919K, capacity 2971K, committed 3072K, reserved 1048576K
}
Event: 1.980 GC heap before
{Heap before GC invocations=4 (full 1):
 PSYoungGen      total 141824K, used 7276K [0x000000076b400000, 0x000000077c900000, 0x00000007c0000000)
  eden space 131072K, 0% used [0x000000076b400000,0x000000076b400000,0x0000000773400000)
  from space 10752K, 67% used [0x0000000773400000,0x0000000773b1b338,0x0000000773e80000)
  to   space 10752K, 0% used [0x000000077be80000,0x000000077be80000,0x000000077c900000)
 ParOldGen       total 175104K, used 88K [0x00000006c1c00000, 0x00000006cc700000, 0x000000076b400000)
  object space 175104K, 0% used [0x00000006c1c00000,0x00000006c1c16010,0x00000006cc700000)
 Metaspace       used 20855K, capacity 21014K, committed 21248K, reserved 1067008K
  class space    used 2919K, capacity 2971K, committed 3072K, reserved 1048576K
Event: 2.005 GC heap after
Heap after GC invocations=4 (full 1):
 PSYoungGen      total 141824K, used 0K [0x000000076b400000, 0x000000077c900000, 0x00000007c0000000)
  eden space 131072K, 0% used [0x000000076b400000,0x000000076b400000,0x0000000773400000)
  from space 10752K, 0% used [0x0000000773400000,0x0000000773400000,0x0000000773e80000)
  to   space 10752K, 0% used [0x000000077be80000,0x000000077be80000,0x000000077c900000)
 ParOldGen       total 108544K, used 7006K [0x00000006c1c00000, 0x00000006c8600000, 0x000000076b400000)
  object space 108544K, 6% used [0x00000006c1c00000,0x00000006c22d7ab0,0x00000006c8600000)
 Metaspace       used 20855K, capacity 21014K, committed 21248K, reserved 1067008K
  class space    used 2919K, capacity 2971K, committed 3072K, reserved 1048576K
}

